<?xml version="1.0" encoding="UTF-8"?>
<!-- Generated by org.testng.reporters.JUnitReportReporter -->
<testsuite hostname="DESKTOP-KS4BJ70" failures="0" tests="1" name="guru99.ChangePassword" time="40.924" errors="0" timestamp="2022-04-28T08:18:05 IST" skipped="0">
  <testcase classname="guru99.ChangePassword" name="changePassword" time="40.924"/>
  <system-out/>
</testsuite> <!-- guru99.ChangePassword -->
