<?xml version="1.0" encoding="UTF-8"?>
<!-- Generated by org.testng.reporters.JUnitReportReporter -->
<testsuite hostname="DESKTOP-KS4BJ70" failures="0" tests="1" name="guru99.NewCustomer" time="30.503" errors="0" timestamp="2022-04-30T08:59:46 IST" skipped="0">
  <testcase classname="guru99.NewCustomer" name="addNewCustomer" time="30.503"/>
  <system-out/>
</testsuite> <!-- guru99.NewCustomer -->
