<?xml version="1.0" encoding="UTF-8"?>
<!-- Generated by org.testng.reporters.JUnitReportReporter -->
<testsuite hostname="DESKTOP-KS4BJ70" failures="0" tests="4" name="guru99.ManagerLoginTestCase" time="355.221" errors="0" timestamp="2022-04-13T17:03:25 IST" skipped="0">
  <testcase classname="guru99.ManagerLoginTestCase" name="testLogin" time="15.698"/>
  <system-out/>
  <testcase classname="guru99.ManagerLoginTestCase" name="testLogin" time="14.141"/>
  <system-out/>
  <testcase classname="guru99.ManagerLoginTestCase" name="testLogin" time="13.501"/>
  <system-out/>
  <testcase classname="guru99.ManagerLoginTestCase" name="testLogin" time="311.881"/>
  <system-out/>
</testsuite> <!-- guru99.ManagerLoginTestCase -->
